g:\mon drive\school\s9\analyse d'image avancée\aia_vs\x64\debug\vc143.pdb
g:\mon drive\school\s9\analyse d'image avancée\aia_vs\x64\debug\vc143.idb
g:\mon drive\school\s9\analyse d'image avancée\aia_vs\x64\debug\aia_vs.obj
g:\mon drive\school\s9\analyse d'image avancée\aia_vs\x64\debug\aia_vs.pdb
g:\mon drive\school\s9\analyse d'image avancée\aia_vs\x64\debug\aia_vs.tlog\cl.command.1.tlog
g:\mon drive\school\s9\analyse d'image avancée\aia_vs\x64\debug\aia_vs.tlog\link.read.2.tlog
g:\mon drive\school\s9\analyse d'image avancée\aia_vs\x64\debug\aia_vs.tlog\link.write.1.tlog
g:\mon drive\school\s9\analyse d'image avancée\aia_vs\x64\debug\aia_vs.tlog\link.command.1.tlog
g:\mon drive\school\s9\analyse d'image avancée\aia_vs\x64\debug\aia_vs.tlog\cl.items.tlog
g:\mon drive\school\s9\analyse d'image avancée\aia_vs\x64\debug\aia_vs.tlog\cl.read.1.tlog
g:\mon drive\school\s9\analyse d'image avancée\aia_vs\x64\debug\aia_vs.tlog\cl.write.1.tlog
g:\mon drive\school\s9\analyse d'image avancée\aia_vs\x64\debug\aia_vs.tlog\link.16564.read.2.tlog
g:\mon drive\school\s9\analyse d'image avancée\aia_vs\x64\debug\aia_vs.tlog\link.16564.read.3.tlog
g:\mon drive\school\s9\analyse d'image avancée\aia_vs\x64\debug\aia_vs.tlog\link.16564-rc.read.1.tlog
g:\mon drive\school\s9\analyse d'image avancée\aia_vs\x64\debug\aia_vs.tlog\link.16564-rc.write.1.tlog
g:\mon drive\school\s9\analyse d'image avancée\aia_vs\x64\debug\aia_vs.tlog\link.16564-cvtres.read.1.tlog
g:\mon drive\school\s9\analyse d'image avancée\aia_vs\x64\debug\aia_vs.tlog\link.16564-cvtres.write.1.tlog
g:\mon drive\school\s9\analyse d'image avancée\aia_vs\x64\debug\aia_vs.tlog\link.16564.read.4.tlog
g:\mon drive\school\s9\analyse d'image avancée\aia_vs\x64\debug\aia_vs.tlog\link.16564.read.1.tlog
g:\mon drive\school\s9\analyse d'image avancée\aia_vs\x64\debug\aia_vs.tlog\link.16564.write.1.tlog
g:\mon drive\school\s9\analyse d'image avancée\aia_vs\x64\debug\aia_vs.tlog\link.read.1.tlog
g:\mon drive\school\s9\analyse d'image avancée\aia_vs\x64\debug\aia_vs.tlog\link.read.3.tlog
g:\mon drive\school\s9\analyse d'image avancée\aia_vs\x64\debug\aia_vs.tlog\link-rc.read.1.tlog
g:\mon drive\school\s9\analyse d'image avancée\aia_vs\x64\debug\aia_vs.tlog\link-rc.write.1.tlog
g:\mon drive\school\s9\analyse d'image avancée\aia_vs\x64\debug\aia_vs.tlog\link-cvtres.read.1.tlog
g:\mon drive\school\s9\analyse d'image avancée\aia_vs\x64\debug\aia_vs.tlog\link-cvtres.write.1.tlog
g:\mon drive\school\s9\analyse d'image avancée\aia_vs\x64\debug\aia_vs.tlog\link.read.4.tlog
